<?xml version="1.0" encoding="UTF-8"?>
<!-- Generated by org.testng.reporters.JUnitReportReporter -->
<testsuite hostname="Pcasa" failures="0" tests="1" name="edit.CeducacionIT15112022.laboratorio12" time="0.128" errors="0" timestamp="2022-12-15T20:31:30 ART" skipped="0">
  <testcase classname="edit.CeducacionIT15112022.laboratorio12" name="imprimirValoresTabla" time="0.128"/>
  <system-out/>
</testsuite> <!-- edit.CeducacionIT15112022.laboratorio12 -->
