<?xml version="1.0" encoding="UTF-8"?>
<!-- Generated by org.testng.reporters.JUnitReportReporter -->
<testsuite hostname="Pcasa" failures="0" tests="1" name="edit.CeducacionIT15112022.laboratorio14" time="0.005" errors="0" timestamp="2022-12-15T21:19:32 ART" skipped="0">
  <testcase classname="edit.CeducacionIT15112022.laboratorio14" name="pruebaBoniGarcia" time="0.005"/>
  <system-out/>
</testsuite> <!-- edit.CeducacionIT15112022.laboratorio14 -->
