<?xml version="1.0" encoding="UTF-8"?>
<!-- Generated by org.testng.reporters.JUnitReportReporter -->
<testsuite hostname="Pcasa" failures="0" tests="1" name="edit.CeducacionIT15112022.laboratorio13" time="0.214" errors="0" timestamp="2022-12-15T20:52:07 ART" skipped="0">
  <testcase classname="edit.CeducacionIT15112022.laboratorio13" name="testBaseDeDatos" time="0.214"/>
  <system-out/>
</testsuite> <!-- edit.CeducacionIT15112022.laboratorio13 -->
